
Lmod is automatically replacing "hdf5-mpi/1.14.2" with "hdf5/1.14.2".


Lmod is automatically replacing "netcdf-mpi/4.9.2" with "netcdf/4.9.2".


Lmod is automatically replacing "hdf5/1.14.2" with "hdf5-mpi/1.14.2".


Lmod is automatically replacing "netcdf/4.9.2" with "netcdf-mpi/4.9.2".

À partir du noeud 0: installer l'environnement virtuel...

Lmod is automatically replacing "hdf5-mpi/1.14.2" with "hdf5/1.14.2".


Lmod is automatically replacing "netcdf-mpi/4.9.2" with "netcdf/4.9.2".


Lmod is automatically replacing "hdf5/1.14.2" with "hdf5-mpi/1.14.2".


Lmod is automatically replacing "netcdf/4.9.2" with "netcdf-mpi/4.9.2".

created virtual environment CPython3.11.5.final.0-64 in 447ms
  creator CPython3Posix(dest=/localscratch/julavoie.32069408.0/env, clear=False, no_vcs_ignore=False, global=False)
  seeder FromAppData(download=False, pip=bundle, setuptools=bundle, wheel=bundle, via=copy, app_data_dir=/home/julavoie/.local/share/virtualenv)
    added seed packages: pip==24.1.2, setuptools==70.1.1, wheel==0.43.0
  activators BashActivator,CShellActivator,FishActivator,NushellActivator,PowerShellActivator,PythonActivator
Looking in links: /cvmfs/soft.computecanada.ca/custom/python/wheelhouse/gentoo2023/x86-64-v3, /cvmfs/soft.computecanada.ca/custom/python/wheelhouse/gentoo2023/generic, /cvmfs/soft.computecanada.ca/custom/python/wheelhouse/generic
Requirement already satisfied: pip in /localscratch/julavoie.32069408.0/env/lib/python3.11/site-packages (24.1.2)
Looking in links: /cvmfs/soft.computecanada.ca/custom/python/wheelhouse/gentoo2023/x86-64-v3, /cvmfs/soft.computecanada.ca/custom/python/wheelhouse/gentoo2023/generic, /cvmfs/soft.computecanada.ca/custom/python/wheelhouse/generic
Processing /cvmfs/soft.computecanada.ca/custom/python/wheelhouse/gentoo2023/x86-64-v3/aiohttp-3.9.1+computecanada-cp311-cp311-linux_x86_64.whl (from -r /project/ctb-frigon/scenario/environnements/xscen0.9.0-requirements.txt (line 1))
Processing /cvmfs/soft.computecanada.ca/custom/python/wheelhouse/generic/aiosignal-1.3.1+computecanada-py3-none-any.whl (from -r /project/ctb-frigon/scenario/environnements/xscen0.9.0-requirements.txt (line 2))
Processing /cvmfs/soft.computecanada.ca/custom/python/wheelhouse/generic/annotated_types-0.6.0+computecanada-py3-none-any.whl (from -r /project/ctb-frigon/scenario/environnements/xscen0.9.0-requirements.txt (line 3))
Processing /cvmfs/soft.computecanada.ca/custom/python/wheelhouse/generic/appdirs-1.4.4+computecanada-py2.py3-none-any.whl (from -r /project/ctb-frigon/scenario/environnements/xscen0.9.0-requirements.txt (line 4))
Processing /cvmfs/soft.computecanada.ca/custom/python/wheelhouse/generic/asciitree-0.3.3+computecanada-py3-none-any.whl (from -r /project/ctb-frigon/scenario/environnements/xscen0.9.0-requirements.txt (line 5))
Processing /cvmfs/soft.computecanada.ca/custom/python/wheelhouse/generic/Babel-2.15.0+computecanada-py3-none-any.whl (from -r /project/ctb-frigon/scenario/environnements/xscen0.9.0-requirements.txt (line 6))
Processing /cvmfs/soft.computecanada.ca/custom/python/wheelhouse/generic/bokeh-2.4.3+computecanada-py3-none-any.whl (from -r /project/ctb-frigon/scenario/environnements/xscen0.9.0-requirements.txt (line 7))
Processing /cvmfs/soft.computecanada.ca/custom/python/wheelhouse/generic/boltons-24.0.0+computecanada-py3-none-any.whl (from -r /project/ctb-frigon/scenario/environnements/xscen0.9.0-requirements.txt (line 8))
Processing /cvmfs/soft.computecanada.ca/custom/python/wheelhouse/generic/Bottleneck-1.3.6+computecanada-cp311-cp311-linux_x86_64.whl (from -r /project/ctb-frigon/scenario/environnements/xscen0.9.0-requirements.txt (line 9))
Processing /cvmfs/soft.computecanada.ca/custom/python/wheelhouse/gentoo2023/x86-64-v3/Cartopy-0.22.0+computecanada-cp311-cp311-linux_x86_64.whl (from -r /project/ctb-frigon/scenario/environnements/xscen0.9.0-requirements.txt (line 10))
Processing /cvmfs/soft.computecanada.ca/custom/python/wheelhouse/generic/cf_xarray-0.9.1+computecanada-py3-none-any.whl (from -r /project/ctb-frigon/scenario/environnements/xscen0.9.0-requirements.txt (line 11))
Processing /cvmfs/soft.computecanada.ca/custom/python/wheelhouse/generic/click-8.1.7+computecanada-py3-none-any.whl (from -r /project/ctb-frigon/scenario/environnements/xscen0.9.0-requirements.txt (line 12))
Processing /cvmfs/soft.computecanada.ca/custom/python/wheelhouse/generic/click_plugins-1.1.1+computecanada-py2.py3-none-any.whl (from -r /project/ctb-frigon/scenario/environnements/xscen0.9.0-requirements.txt (line 13))
Processing /cvmfs/soft.computecanada.ca/custom/python/wheelhouse/generic/cligj-0.7.2+computecanada-py3-none-any.whl (from -r /project/ctb-frigon/scenario/environnements/xscen0.9.0-requirements.txt (line 14))
Processing /cvmfs/soft.computecanada.ca/custom/python/wheelhouse/generic/clisops-0.13.0+computecanada-py3-none-any.whl (from -r /project/ctb-frigon/scenario/environnements/xscen0.9.0-requirements.txt (line 15))
Processing /cvmfs/soft.computecanada.ca/custom/python/wheelhouse/generic/cloudpickle-3.0.0+computecanada-py3-none-any.whl (from -r /project/ctb-frigon/scenario/environnements/xscen0.9.0-requirements.txt (line 16))
Processing /cvmfs/soft.computecanada.ca/custom/python/wheelhouse/generic/dask-2024.5.1+computecanada-py3-none-any.whl (from -r /project/ctb-frigon/scenario/environnements/xscen0.9.0-requirements.txt (line 17))
Processing /cvmfs/soft.computecanada.ca/custom/python/wheelhouse/generic/dask_expr-1.1.1+computecanada-py3-none-any.whl (from -r /project/ctb-frigon/scenario/environnements/xscen0.9.0-requirements.txt (line 18))
Processing /cvmfs/soft.computecanada.ca/custom/python/wheelhouse/generic/dask_jobqueue-0.8.2+computecanada-py2.py3-none-any.whl (from -r /project/ctb-frigon/scenario/environnements/xscen0.9.0-requirements.txt (line 19))
Processing /cvmfs/soft.computecanada.ca/custom/python/wheelhouse/generic/distributed-2024.5.1+computecanada-py3-none-any.whl (from -r /project/ctb-frigon/scenario/environnements/xscen0.9.0-requirements.txt (line 20))
Processing /cvmfs/soft.computecanada.ca/custom/python/wheelhouse/generic/fasteners-0.19+computecanada-py3-none-any.whl (from -r /project/ctb-frigon/scenario/environnements/xscen0.9.0-requirements.txt (line 21))
Processing /cvmfs/soft.computecanada.ca/custom/python/wheelhouse/generic/fastprogress-1.0.3+computecanada-py3-none-any.whl (from -r /project/ctb-frigon/scenario/environnements/xscen0.9.0-requirements.txt (line 22))
Processing /cvmfs/soft.computecanada.ca/custom/python/wheelhouse/gentoo2023/x86-64-v3/fiona-1.9.5+computecanada-cp311-cp311-linux_x86_64.whl (from -r /project/ctb-frigon/scenario/environnements/xscen0.9.0-requirements.txt (line 23))
Processing /cvmfs/soft.computecanada.ca/custom/python/wheelhouse/generic/flox-0.9.8+computecanada-py3-none-any.whl (from -r /project/ctb-frigon/scenario/environnements/xscen0.9.0-requirements.txt (line 24))
Processing /cvmfs/soft.computecanada.ca/custom/python/wheelhouse/generic/frozenlist-1.4.1+computecanada-cp311-cp311-linux_x86_64.whl (from -r /project/ctb-frigon/scenario/environnements/xscen0.9.0-requirements.txt (line 25))
Processing /cvmfs/soft.computecanada.ca/custom/python/wheelhouse/generic/fsspec-2024.6.0+computecanada-py3-none-any.whl (from -r /project/ctb-frigon/scenario/environnements/xscen0.9.0-requirements.txt (line 26))
Processing /cvmfs/soft.computecanada.ca/custom/python/wheelhouse/generic/geopandas-0.14.4+computecanada-py3-none-any.whl (from -r /project/ctb-frigon/scenario/environnements/xscen0.9.0-requirements.txt (line 27))
Processing /cvmfs/soft.computecanada.ca/custom/python/wheelhouse/generic/h5netcdf-1.3.0+computecanada-py3-none-any.whl (from -r /project/ctb-frigon/scenario/environnements/xscen0.9.0-requirements.txt (line 28))
Processing /cvmfs/soft.computecanada.ca/custom/python/wheelhouse/generic/intake-0.7.0+computecanada-py3-none-any.whl (from -r /project/ctb-frigon/scenario/environnements/xscen0.9.0-requirements.txt (line 29))
Processing /cvmfs/soft.computecanada.ca/custom/python/wheelhouse/generic/intake_esm-2024.2.6+computecanada-py3-none-any.whl (from -r /project/ctb-frigon/scenario/environnements/xscen0.9.0-requirements.txt (line 30))
Processing /cvmfs/soft.computecanada.ca/custom/python/wheelhouse/generic/joblib-1.4.2+computecanada-py3-none-any.whl (from -r /project/ctb-frigon/scenario/environnements/xscen0.9.0-requirements.txt (line 31))
Processing /cvmfs/soft.computecanada.ca/custom/python/wheelhouse/generic/jsonpickle-3.0.4+computecanada-py3-none-any.whl (from -r /project/ctb-frigon/scenario/environnements/xscen0.9.0-requirements.txt (line 32))
Processing /cvmfs/soft.computecanada.ca/custom/python/wheelhouse/gentoo2023/x86-64-v3/llvmlite-0.41.1+computecanada-cp311-cp311-linux_x86_64.whl (from -r /project/ctb-frigon/scenario/environnements/xscen0.9.0-requirements.txt (line 33))
Processing /cvmfs/soft.computecanada.ca/custom/python/wheelhouse/generic/locket-1.0.0+computecanada-py2.py3-none-any.whl (from -r /project/ctb-frigon/scenario/environnements/xscen0.9.0-requirements.txt (line 34))
Processing /cvmfs/soft.computecanada.ca/custom/python/wheelhouse/generic/loguru-0.7.2+computecanada-py3-none-any.whl (from -r /project/ctb-frigon/scenario/environnements/xscen0.9.0-requirements.txt (line 35))
Processing /cvmfs/soft.computecanada.ca/custom/python/wheelhouse/generic/lz4-4.3.2+computecanada-cp311-cp311-linux_x86_64.whl (from -r /project/ctb-frigon/scenario/environnements/xscen0.9.0-requirements.txt (line 36))
Processing /cvmfs/soft.computecanada.ca/custom/python/wheelhouse/generic/msgpack-1.0.4+computecanada-cp311-cp311-linux_x86_64.whl (from -r /project/ctb-frigon/scenario/environnements/xscen0.9.0-requirements.txt (line 37))
Processing /cvmfs/soft.computecanada.ca/custom/python/wheelhouse/generic/multidict-6.0.5+computecanada-cp311-cp311-linux_x86_64.whl (from -r /project/ctb-frigon/scenario/environnements/xscen0.9.0-requirements.txt (line 38))
Processing /cvmfs/soft.computecanada.ca/custom/python/wheelhouse/generic/mypy_extensions-1.0.0+computecanada-py3-none-any.whl (from -r /project/ctb-frigon/scenario/environnements/xscen0.9.0-requirements.txt (line 39))
Processing /cvmfs/soft.computecanada.ca/custom/python/wheelhouse/gentoo2023/generic/numba-0.58.1+computecanada-cp311-cp311-linux_x86_64.whl (from -r /project/ctb-frigon/scenario/environnements/xscen0.9.0-requirements.txt (line 40))
Processing /cvmfs/soft.computecanada.ca/custom/python/wheelhouse/gentoo2023/generic/numcodecs-0.12.1+computecanada-cp311-cp311-linux_x86_64.whl (from -r /project/ctb-frigon/scenario/environnements/xscen0.9.0-requirements.txt (line 41))
Processing /cvmfs/soft.computecanada.ca/custom/python/wheelhouse/generic/numpy_groupies-0.10.2+computecanada-py3-none-any.whl (from -r /project/ctb-frigon/scenario/environnements/xscen0.9.0-requirements.txt (line 42))
Processing /cvmfs/soft.computecanada.ca/custom/python/wheelhouse/gentoo2023/x86-64-v3/pandas-2.2.1+computecanada-cp311-cp311-linux_x86_64.whl (from -r /project/ctb-frigon/scenario/environnements/xscen0.9.0-requirements.txt (line 43))
Processing /cvmfs/soft.computecanada.ca/custom/python/wheelhouse/generic/parse-1.20.1+computecanada-py2.py3-none-any.whl (from -r /project/ctb-frigon/scenario/environnements/xscen0.9.0-requirements.txt (line 44))
Processing /cvmfs/soft.computecanada.ca/custom/python/wheelhouse/generic/partd-1.4.2+computecanada-py3-none-any.whl (from -r /project/ctb-frigon/scenario/environnements/xscen0.9.0-requirements.txt (line 45))
Processing /cvmfs/soft.computecanada.ca/custom/python/wheelhouse/generic/patsy-0.5.6+computecanada-py2.py3-none-any.whl (from -r /project/ctb-frigon/scenario/environnements/xscen0.9.0-requirements.txt (line 46))
Processing /cvmfs/soft.computecanada.ca/custom/python/wheelhouse/generic/Pint-0.23+computecanada-py3-none-any.whl (from -r /project/ctb-frigon/scenario/environnements/xscen0.9.0-requirements.txt (line 47))
Processing /cvmfs/soft.computecanada.ca/custom/python/wheelhouse/generic/platformdirs-4.2.2+computecanada-py3-none-any.whl (from -r /project/ctb-frigon/scenario/environnements/xscen0.9.0-requirements.txt (line 48))
Processing /cvmfs/soft.computecanada.ca/custom/python/wheelhouse/generic/pooch-1.8.2+computecanada-py3-none-any.whl (from -r /project/ctb-frigon/scenario/environnements/xscen0.9.0-requirements.txt (line 49))
Processing /cvmfs/soft.computecanada.ca/custom/python/wheelhouse/generic/pyarrow_hotfix-0.6+computecanada-py3-none-any.whl (from -r /project/ctb-frigon/scenario/environnements/xscen0.9.0-requirements.txt (line 50))
Processing /cvmfs/soft.computecanada.ca/custom/python/wheelhouse/generic/pydantic-2.7.3+computecanada-py3-none-any.whl (from -r /project/ctb-frigon/scenario/environnements/xscen0.9.0-requirements.txt (line 51))
Processing /cvmfs/soft.computecanada.ca/custom/python/wheelhouse/gentoo2023/generic/pydantic_core-2.18.4+computecanada-cp311-cp311-linux_x86_64.whl (from -r /project/ctb-frigon/scenario/environnements/xscen0.9.0-requirements.txt (line 52))
Processing /cvmfs/soft.computecanada.ca/custom/python/wheelhouse/generic/pyshp-2.3.1+computecanada-py2.py3-none-any.whl (from -r /project/ctb-frigon/scenario/environnements/xscen0.9.0-requirements.txt (line 53))
Processing /cvmfs/soft.computecanada.ca/custom/python/wheelhouse/generic/rechunker-0.5.2+computecanada-py3-none-any.whl (from -r /project/ctb-frigon/scenario/environnements/xscen0.9.0-requirements.txt (line 54))
Processing /cvmfs/soft.computecanada.ca/custom/python/wheelhouse/generic/roocs_grids-0.1.2+computecanada-py2.py3-none-any.whl (from -r /project/ctb-frigon/scenario/environnements/xscen0.9.0-requirements.txt (line 55))
Processing /cvmfs/soft.computecanada.ca/custom/python/wheelhouse/generic/roocs_utils-0.6.8+computecanada-py2.py3-none-any.whl (from -r /project/ctb-frigon/scenario/environnements/xscen0.9.0-requirements.txt (line 56))
Processing /cvmfs/soft.computecanada.ca/custom/python/wheelhouse/gentoo2023/generic/scikit_learn-1.4.2+computecanada-cp311-cp311-linux_x86_64.whl (from -r /project/ctb-frigon/scenario/environnements/xscen0.9.0-requirements.txt (line 57))
Processing /cvmfs/soft.computecanada.ca/custom/python/wheelhouse/gentoo2023/x86-64-v3/shapely-2.0.2+computecanada-cp311-cp311-linux_x86_64.whl (from -r /project/ctb-frigon/scenario/environnements/xscen0.9.0-requirements.txt (line 58))
Processing /cvmfs/soft.computecanada.ca/custom/python/wheelhouse/generic/sortedcontainers-2.4.0+computecanada-py3-none-any.whl (from -r /project/ctb-frigon/scenario/environnements/xscen0.9.0-requirements.txt (line 59))
Processing /cvmfs/soft.computecanada.ca/custom/python/wheelhouse/generic/sparse-0.15.4+computecanada-py2.py3-none-any.whl (from -r /project/ctb-frigon/scenario/environnements/xscen0.9.0-requirements.txt (line 60))
Processing /cvmfs/soft.computecanada.ca/custom/python/wheelhouse/generic/statsmodels-0.14.0+computecanada-cp311-cp311-linux_x86_64.whl (from -r /project/ctb-frigon/scenario/environnements/xscen0.9.0-requirements.txt (line 61))
Processing /cvmfs/soft.computecanada.ca/custom/python/wheelhouse/generic/tblib-3.0.0+computecanada-py3-none-any.whl (from -r /project/ctb-frigon/scenario/environnements/xscen0.9.0-requirements.txt (line 62))
Processing /cvmfs/soft.computecanada.ca/custom/python/wheelhouse/generic/threadpoolctl-3.5.0+computecanada-py3-none-any.whl (from -r /project/ctb-frigon/scenario/environnements/xscen0.9.0-requirements.txt (line 63))
Processing /cvmfs/soft.computecanada.ca/custom/python/wheelhouse/generic/toolz-0.12.1+computecanada-py3-none-any.whl (from -r /project/ctb-frigon/scenario/environnements/xscen0.9.0-requirements.txt (line 64))
Processing /cvmfs/soft.computecanada.ca/custom/python/wheelhouse/generic/xarray-2024.5.0+computecanada-py3-none-any.whl (from -r /project/ctb-frigon/scenario/environnements/xscen0.9.0-requirements.txt (line 65))
Processing /cvmfs/soft.computecanada.ca/custom/python/wheelhouse/generic/xclim-0.49.0+computecanada-py3-none-any.whl (from -r /project/ctb-frigon/scenario/environnements/xscen0.9.0-requirements.txt (line 66))
Processing /cvmfs/soft.computecanada.ca/custom/python/wheelhouse/generic/xesmf-0.8.5+computecanada-py3-none-any.whl (from -r /project/ctb-frigon/scenario/environnements/xscen0.9.0-requirements.txt (line 67))
Processing /cvmfs/soft.computecanada.ca/custom/python/wheelhouse/generic/xscen-0.9.0+computecanada-py3-none-any.whl (from -r /project/ctb-frigon/scenario/environnements/xscen0.9.0-requirements.txt (line 68))
Processing /cvmfs/soft.computecanada.ca/custom/python/wheelhouse/generic/yamale-5.2.1+computecanada-py3-none-any.whl (from -r /project/ctb-frigon/scenario/environnements/xscen0.9.0-requirements.txt (line 69))
Processing /cvmfs/soft.computecanada.ca/custom/python/wheelhouse/gentoo2023/x86-64-v3/yarl-1.9.3+computecanada-cp311-cp311-linux_x86_64.whl (from -r /project/ctb-frigon/scenario/environnements/xscen0.9.0-requirements.txt (line 70))
Processing /cvmfs/soft.computecanada.ca/custom/python/wheelhouse/generic/zarr-2.18.2+computecanada-py3-none-any.whl (from -r /project/ctb-frigon/scenario/environnements/xscen0.9.0-requirements.txt (line 71))
Processing /cvmfs/soft.computecanada.ca/custom/python/wheelhouse/generic/zict-3.0.0+computecanada-py2.py3-none-any.whl (from -r /project/ctb-frigon/scenario/environnements/xscen0.9.0-requirements.txt (line 72))
Processing /cvmfs/soft.computecanada.ca/custom/python/wheelhouse/gentoo2023/generic/zstandard-0.22.0+computecanada-cp311-cp311-linux_x86_64.whl (from -r /project/ctb-frigon/scenario/environnements/xscen0.9.0-requirements.txt (line 73))
Requirement already satisfied: attrs>=17.3.0 in /cvmfs/soft.computecanada.ca/easybuild/software/2023/x86-64-v3/Compiler/gcccore/scipy-stack/2023b/lib/python3.11/site-packages (from aiohttp==3.9.1+computecanada->-r /project/ctb-frigon/scenario/environnements/xscen0.9.0-requirements.txt (line 1)) (23.1.0+computecanada)
Requirement already satisfied: Jinja2>=2.9 in /cvmfs/soft.computecanada.ca/easybuild/software/2023/x86-64-v3/Compiler/gcccore/scipy-stack/2023b/lib/python3.11/site-packages (from bokeh==2.4.3+computecanada->-r /project/ctb-frigon/scenario/environnements/xscen0.9.0-requirements.txt (line 7)) (3.1.2+computecanada)
Requirement already satisfied: numpy>=1.11.3 in /cvmfs/soft.computecanada.ca/easybuild/software/2023/x86-64-v3/Compiler/gcccore/scipy-stack/2023b/lib/python3.11/site-packages (from bokeh==2.4.3+computecanada->-r /project/ctb-frigon/scenario/environnements/xscen0.9.0-requirements.txt (line 7)) (1.25.2+computecanada)
Requirement already satisfied: packaging>=16.8 in /cvmfs/soft.computecanada.ca/easybuild/software/2023/x86-64-v3/Compiler/gcccore/ipykernel/2023b/lib/python3.11/site-packages (from bokeh==2.4.3+computecanada->-r /project/ctb-frigon/scenario/environnements/xscen0.9.0-requirements.txt (line 7)) (23.1+computecanada)
Requirement already satisfied: pillow>=7.1.0 in /cvmfs/soft.computecanada.ca/easybuild/software/2023/x86-64-v3/Compiler/gcccore/scipy-stack/2023b/lib/python3.11/site-packages (from bokeh==2.4.3+computecanada->-r /project/ctb-frigon/scenario/environnements/xscen0.9.0-requirements.txt (line 7)) (10.0.0+computecanada)
Requirement already satisfied: PyYAML>=3.10 in /cvmfs/soft.computecanada.ca/easybuild/software/2023/x86-64-v3/Compiler/gcccore/scipy-stack/2023b/lib/python3.11/site-packages (from bokeh==2.4.3+computecanada->-r /project/ctb-frigon/scenario/environnements/xscen0.9.0-requirements.txt (line 7)) (6.0.1+computecanada)
Requirement already satisfied: tornado>=5.1 in /cvmfs/soft.computecanada.ca/easybuild/software/2023/x86-64-v3/Compiler/gcccore/ipykernel/2023b/lib/python3.11/site-packages (from bokeh==2.4.3+computecanada->-r /project/ctb-frigon/scenario/environnements/xscen0.9.0-requirements.txt (line 7)) (6.3.3+computecanada)
Requirement already satisfied: typing-extensions>=3.10.0 in /cvmfs/soft.computecanada.ca/easybuild/software/2023/x86-64-v3/Compiler/gcccore/scipy-stack/2023b/lib/python3.11/site-packages (from bokeh==2.4.3+computecanada->-r /project/ctb-frigon/scenario/environnements/xscen0.9.0-requirements.txt (line 7)) (4.7.1+computecanada)
Requirement already satisfied: matplotlib>=3.4 in /cvmfs/soft.computecanada.ca/easybuild/software/2023/x86-64-v3/Compiler/gcccore/scipy-stack/2023b/lib/python3.11/site-packages (from Cartopy==0.22.0+computecanada->-r /project/ctb-frigon/scenario/environnements/xscen0.9.0-requirements.txt (line 10)) (3.7.2+computecanada)
Requirement already satisfied: pyproj>=3.1.0 in /cvmfs/soft.computecanada.ca/easybuild/software/2023/x86-64-v3/Compiler/gcccore/proj/9.4.1/lib/python3.11/site-packages (from Cartopy==0.22.0+computecanada->-r /project/ctb-frigon/scenario/environnements/xscen0.9.0-requirements.txt (line 10)) (3.6.1)
Requirement already satisfied: cftime>=1.4.1 in /cvmfs/soft.computecanada.ca/easybuild/software/2023/x86-64-v3/MPI/gcc12/openmpi4/netcdf-mpi/4.9.2/lib/python3.11/site-packages (from clisops==0.13.0+computecanada->-r /project/ctb-frigon/scenario/environnements/xscen0.9.0-requirements.txt (line 15)) (1.6.2)
Requirement already satisfied: netCDF4>=1.4 in /cvmfs/soft.computecanada.ca/easybuild/software/2023/x86-64-v3/MPI/gcc12/openmpi4/netcdf-mpi/4.9.2/lib/python3.11/site-packages (from clisops==0.13.0+computecanada->-r /project/ctb-frigon/scenario/environnements/xscen0.9.0-requirements.txt (line 15)) (1.6.4)
Requirement already satisfied: requests>=2.0 in /cvmfs/soft.computecanada.ca/easybuild/software/2023/x86-64-v3/Compiler/gcccore/scipy-stack/2023b/lib/python3.11/site-packages (from clisops==0.13.0+computecanada->-r /project/ctb-frigon/scenario/environnements/xscen0.9.0-requirements.txt (line 15)) (2.31.0+computecanada)
Requirement already satisfied: importlib-metadata>=4.13.0 in /cvmfs/soft.computecanada.ca/easybuild/software/2023/x86-64-v3/Compiler/gcccore/ipykernel/2023b/lib/python3.11/site-packages (from dask==2024.5.1+computecanada->-r /project/ctb-frigon/scenario/environnements/xscen0.9.0-requirements.txt (line 17)) (6.8.0+computecanada)
Requirement already satisfied: pyarrow>=7.0.0 in /cvmfs/soft.computecanada.ca/easybuild/software/2023/x86-64-v3/Compiler/gcccore/arrow/16.1.0/lib/python3.11/site-packages (from dask_expr==1.1.1+computecanada->-r /project/ctb-frigon/scenario/environnements/xscen0.9.0-requirements.txt (line 18)) (16.1.0)
Requirement already satisfied: psutil>=5.7.2 in /cvmfs/soft.computecanada.ca/easybuild/software/2023/x86-64-v3/Compiler/gcccore/ipykernel/2023b/lib/python3.11/site-packages (from distributed==2024.5.1+computecanada->-r /project/ctb-frigon/scenario/environnements/xscen0.9.0-requirements.txt (line 20)) (5.9.5+computecanada)
Requirement already satisfied: urllib3>=1.24.3 in /cvmfs/soft.computecanada.ca/easybuild/software/2023/x86-64-v3/Compiler/gcccore/scipy-stack/2023b/lib/python3.11/site-packages (from distributed==2024.5.1+computecanada->-r /project/ctb-frigon/scenario/environnements/xscen0.9.0-requirements.txt (line 20)) (2.0.4+computecanada)
Requirement already satisfied: certifi in /cvmfs/soft.computecanada.ca/easybuild/software/2023/x86-64-v3/Compiler/gcccore/scipy-stack/2023b/lib/python3.11/site-packages (from fiona==1.9.5+computecanada->-r /project/ctb-frigon/scenario/environnements/xscen0.9.0-requirements.txt (line 23)) (2023.7.22+computecanada)
Requirement already satisfied: six in /cvmfs/soft.computecanada.ca/easybuild/software/2023/x86-64-v3/Compiler/gcccore/ipykernel/2023b/lib/python3.11/site-packages (from fiona==1.9.5+computecanada->-r /project/ctb-frigon/scenario/environnements/xscen0.9.0-requirements.txt (line 23)) (1.16.0+computecanada)
Requirement already satisfied: setuptools in /localscratch/julavoie.32069408.0/env/lib/python3.11/site-packages (from fiona==1.9.5+computecanada->-r /project/ctb-frigon/scenario/environnements/xscen0.9.0-requirements.txt (line 23)) (70.1.1)
Requirement already satisfied: scipy>=1.9 in /cvmfs/soft.computecanada.ca/easybuild/software/2023/x86-64-v3/Compiler/gcccore/scipy-stack/2023b/lib/python3.11/site-packages (from flox==0.9.8+computecanada->-r /project/ctb-frigon/scenario/environnements/xscen0.9.0-requirements.txt (line 24)) (1.11.2+computecanada)
Requirement already satisfied: h5py in /cvmfs/soft.computecanada.ca/easybuild/software/2023/x86-64-v3/MPI/gcc12/openmpi4/hdf5-mpi/1.14.2/lib/python3.11/site-packages (from h5netcdf==1.3.0+computecanada->-r /project/ctb-frigon/scenario/environnements/xscen0.9.0-requirements.txt (line 28)) (3.10.0)
Requirement already satisfied: entrypoints in /cvmfs/soft.computecanada.ca/easybuild/software/2023/x86-64-v3/Compiler/gcccore/scipy-stack/2023b/lib/python3.11/site-packages (from intake==0.7.0+computecanada->-r /project/ctb-frigon/scenario/environnements/xscen0.9.0-requirements.txt (line 29)) (0.4+computecanada)
Requirement already satisfied: python-dateutil>=2.8.2 in /cvmfs/soft.computecanada.ca/easybuild/software/2023/x86-64-v3/Compiler/gcccore/ipykernel/2023b/lib/python3.11/site-packages (from pandas==2.2.1+computecanada->-r /project/ctb-frigon/scenario/environnements/xscen0.9.0-requirements.txt (line 43)) (2.8.2+computecanada)
Requirement already satisfied: pytz>=2020.1 in /cvmfs/soft.computecanada.ca/easybuild/software/2023/x86-64-v3/Compiler/gcccore/scipy-stack/2023b/lib/python3.11/site-packages (from pandas==2.2.1+computecanada->-r /project/ctb-frigon/scenario/environnements/xscen0.9.0-requirements.txt (line 43)) (2023.3+computecanada)
Requirement already satisfied: tzdata>=2022.7 in /cvmfs/soft.computecanada.ca/easybuild/software/2023/x86-64-v3/Compiler/gcccore/scipy-stack/2023b/lib/python3.11/site-packages (from pandas==2.2.1+computecanada->-r /project/ctb-frigon/scenario/environnements/xscen0.9.0-requirements.txt (line 43)) (2023.3+computecanada)
Requirement already satisfied: idna>=2.0 in /cvmfs/soft.computecanada.ca/easybuild/software/2023/x86-64-v3/Compiler/gcccore/scipy-stack/2023b/lib/python3.11/site-packages (from yarl==1.9.3+computecanada->-r /project/ctb-frigon/scenario/environnements/xscen0.9.0-requirements.txt (line 70)) (3.4+computecanada)
Requirement already satisfied: zipp>=0.5 in /cvmfs/soft.computecanada.ca/easybuild/software/2023/x86-64-v3/Compiler/gcccore/ipykernel/2023b/lib/python3.11/site-packages (from importlib-metadata>=4.13.0->dask==2024.5.1+computecanada->-r /project/ctb-frigon/scenario/environnements/xscen0.9.0-requirements.txt (line 17)) (3.16.2+computecanada)
Requirement already satisfied: MarkupSafe>=2.0 in /cvmfs/soft.computecanada.ca/easybuild/software/2023/x86-64-v3/Compiler/gcccore/scipy-stack/2023b/lib/python3.11/site-packages (from Jinja2>=2.9->bokeh==2.4.3+computecanada->-r /project/ctb-frigon/scenario/environnements/xscen0.9.0-requirements.txt (line 7)) (2.1.3+computecanada)
Requirement already satisfied: contourpy>=1.0.1 in /cvmfs/soft.computecanada.ca/easybuild/software/2023/x86-64-v3/Compiler/gcccore/scipy-stack/2023b/lib/python3.11/site-packages (from matplotlib>=3.4->Cartopy==0.22.0+computecanada->-r /project/ctb-frigon/scenario/environnements/xscen0.9.0-requirements.txt (line 10)) (1.1.0+computecanada)
Requirement already satisfied: cycler>=0.10 in /cvmfs/soft.computecanada.ca/easybuild/software/2023/x86-64-v3/Compiler/gcccore/scipy-stack/2023b/lib/python3.11/site-packages (from matplotlib>=3.4->Cartopy==0.22.0+computecanada->-r /project/ctb-frigon/scenario/environnements/xscen0.9.0-requirements.txt (line 10)) (0.11.0+computecanada)
Requirement already satisfied: fonttools>=4.22.0 in /cvmfs/soft.computecanada.ca/easybuild/software/2023/x86-64-v3/Compiler/gcccore/scipy-stack/2023b/lib/python3.11/site-packages (from matplotlib>=3.4->Cartopy==0.22.0+computecanada->-r /project/ctb-frigon/scenario/environnements/xscen0.9.0-requirements.txt (line 10)) (4.42.1+computecanada)
Requirement already satisfied: kiwisolver>=1.0.1 in /cvmfs/soft.computecanada.ca/easybuild/software/2023/x86-64-v3/Compiler/gcccore/scipy-stack/2023b/lib/python3.11/site-packages (from matplotlib>=3.4->Cartopy==0.22.0+computecanada->-r /project/ctb-frigon/scenario/environnements/xscen0.9.0-requirements.txt (line 10)) (1.4.5+computecanada)
Requirement already satisfied: pyparsing<3.1,>=2.3.1 in /cvmfs/soft.computecanada.ca/easybuild/software/2023/x86-64-v3/Compiler/gcccore/scipy-stack/2023b/lib/python3.11/site-packages (from matplotlib>=3.4->Cartopy==0.22.0+computecanada->-r /project/ctb-frigon/scenario/environnements/xscen0.9.0-requirements.txt (line 10)) (3.0.9+computecanada)
Requirement already satisfied: charset-normalizer<4,>=2 in /cvmfs/soft.computecanada.ca/easybuild/software/2023/x86-64-v3/Compiler/gcccore/scipy-stack/2023b/lib/python3.11/site-packages (from requests>=2.0->clisops==0.13.0+computecanada->-r /project/ctb-frigon/scenario/environnements/xscen0.9.0-requirements.txt (line 15)) (3.2.0+computecanada)
Requirement already satisfied: mpi4py>=3.1.1 in /cvmfs/soft.computecanada.ca/easybuild/software/2023/x86-64-v3/MPI/gcc12/openmpi4/mpi4py/3.1.4/lib/python3.11/site-packages (from h5py->h5netcdf==1.3.0+computecanada->-r /project/ctb-frigon/scenario/environnements/xscen0.9.0-requirements.txt (line 28)) (3.1.4)
Installing collected packages: sortedcontainers, roocs_grids, parse, msgpack, asciitree, appdirs, zstandard, zict, yamale, toolz, threadpoolctl, tblib, shapely, pyshp, pydantic_core, pyarrow_hotfix, platformdirs, Pint, patsy, numpy_groupies, numcodecs, mypy_extensions, multidict, lz4, loguru, locket, llvmlite, jsonpickle, joblib, fsspec, frozenlist, fastprogress, fasteners, cloudpickle, click, Bottleneck, boltons, Babel, annotated_types, zarr, yarl, scikit_learn, pydantic, pooch, partd, pandas, numba, h5netcdf, cligj, click-plugins, bokeh, aiosignal, xarray, statsmodels, sparse, flox, fiona, dask, Cartopy, aiohttp, intake, geopandas, distributed, dask_expr, cf_xarray, xesmf, xclim, rechunker, dask_jobqueue, roocs_utils, intake_esm, clisops, xscen
  Attempting uninstall: platformdirs
    Found existing installation: platformdirs 3.9.1+computecanada
    Not uninstalling platformdirs at /cvmfs/soft.computecanada.ca/easybuild/software/2023/x86-64-v3/Compiler/gcccore/ipykernel/2023b/lib/python3.11/site-packages, outside environment /localscratch/julavoie.32069408.0/env
    Can't uninstall 'platformdirs'. No files were found to uninstall.
  Attempting uninstall: pandas
    Found existing installation: pandas 2.1.0+computecanada
    Not uninstalling pandas at /cvmfs/soft.computecanada.ca/easybuild/software/2023/x86-64-v3/Compiler/gcccore/scipy-stack/2023b/lib/python3.11/site-packages, outside environment /localscratch/julavoie.32069408.0/env
    Can't uninstall 'pandas'. No files were found to uninstall.
Successfully installed Babel-2.15.0+computecanada Bottleneck-1.3.6+computecanada Cartopy-0.22.0+computecanada Pint-0.23+computecanada aiohttp-3.9.1+computecanada aiosignal-1.3.1+computecanada annotated_types-0.6.0+computecanada appdirs-1.4.4+computecanada asciitree-0.3.3+computecanada bokeh-2.4.3+computecanada boltons-24.0.0+computecanada cf_xarray-0.9.1+computecanada click-8.1.7+computecanada click-plugins-1.1.1+computecanada cligj-0.7.2+computecanada clisops-0.13.0+computecanada cloudpickle-3.0.0+computecanada dask-2024.5.1+computecanada dask_expr-1.1.1+computecanada dask_jobqueue-0.8.2+computecanada distributed-2024.5.1+computecanada fasteners-0.19+computecanada fastprogress-1.0.3+computecanada fiona-1.9.5+computecanada flox-0.9.8+computecanada frozenlist-1.4.1+computecanada fsspec-2024.6.0+computecanada geopandas-0.14.4+computecanada h5netcdf-1.3.0+computecanada intake-0.7.0+computecanada intake_esm-2024.2.6+computecanada joblib-1.4.2+computecanada jsonpickle-3.0.4+computecanada llvmlite-0.41.1+computecanada locket-1.0.0+computecanada loguru-0.7.2+computecanada lz4-4.3.2+computecanada msgpack-1.0.4+computecanada multidict-6.0.5+computecanada mypy_extensions-1.0.0+computecanada numba-0.58.1+computecanada numcodecs-0.12.1+computecanada numpy_groupies-0.10.2+computecanada pandas-2.2.1+computecanada parse-1.20.1+computecanada partd-1.4.2+computecanada patsy-0.5.6+computecanada platformdirs-4.2.2+computecanada pooch-1.8.2+computecanada pyarrow_hotfix-0.6+computecanada pydantic-2.7.3+computecanada pydantic_core-2.18.4+computecanada pyshp-2.3.1+computecanada rechunker-0.5.2+computecanada roocs_grids-0.1.2+computecanada roocs_utils-0.6.8+computecanada scikit_learn-1.4.2+computecanada shapely-2.0.2+computecanada sortedcontainers-2.4.0+computecanada sparse-0.15.4+computecanada statsmodels-0.14.0+computecanada tblib-3.0.0+computecanada threadpoolctl-3.5.0+computecanada toolz-0.12.1+computecanada xarray-2024.5.0+computecanada xclim-0.49.0+computecanada xesmf-0.8.5+computecanada xscen-0.9.0+computecanada yamale-5.2.1+computecanada yarl-1.9.3+computecanada zarr-2.18.2+computecanada zict-3.0.0+computecanada zstandard-0.22.0+computecanada
/localscratch/julavoie.32069408.0
Environnment installé!
Found existing installation: xclim 0.51.1.dev3
Uninstalling xclim-0.51.1.dev3:
  Successfully uninstalled xclim-0.51.1.dev3
Defaulting to user installation because normal site-packages is not writeable
Looking in links: /cvmfs/soft.computecanada.ca/custom/python/wheelhouse/gentoo2023/x86-64-v3, /cvmfs/soft.computecanada.ca/custom/python/wheelhouse/gentoo2023/generic, /cvmfs/soft.computecanada.ca/custom/python/wheelhouse/generic
Processing /project/ctb-frigon/julavoie/wheels/xclim-0.51.1.dev3-py3-none-any.whl
Requirement already satisfied: boltons>=20.1 in /home/julavoie/.local/lib/python3.11/site-packages (from xclim==0.51.1.dev3) (24.0.0+computecanada)
Requirement already satisfied: bottleneck>=1.3.1 in /home/julavoie/.local/lib/python3.11/site-packages (from xclim==0.51.1.dev3) (1.3.6+computecanada)
Requirement already satisfied: cf-xarray>=0.6.1 in /home/julavoie/.local/lib/python3.11/site-packages (from xclim==0.51.1.dev3) (0.9.1+computecanada)
Requirement already satisfied: cftime>=1.4.1 in /cvmfs/soft.computecanada.ca/easybuild/software/2023/x86-64-v3/MPI/gcc12/openmpi4/netcdf-mpi/4.9.2/lib/python3.11/site-packages (from xclim==0.51.1.dev3) (1.6.2)
Requirement already satisfied: click>=8.1 in /home/julavoie/.local/lib/python3.11/site-packages (from xclim==0.51.1.dev3) (8.1.7+computecanada)
Requirement already satisfied: dask>=2.6 in /home/julavoie/.local/lib/python3.11/site-packages (from dask[array]>=2.6->xclim==0.51.1.dev3) (2024.5.1+computecanada)
Requirement already satisfied: jsonpickle in /home/julavoie/.local/lib/python3.11/site-packages (from xclim==0.51.1.dev3) (3.0.4+computecanada)
Requirement already satisfied: numba in /home/julavoie/.local/lib/python3.11/site-packages (from xclim==0.51.1.dev3) (0.58.1+computecanada)
Requirement already satisfied: numpy<2.0.0,>=1.20.0 in /cvmfs/soft.computecanada.ca/easybuild/software/2023/x86-64-v3/Compiler/gcccore/scipy-stack/2023b/lib/python3.11/site-packages (from xclim==0.51.1.dev3) (1.25.2+computecanada)
Requirement already satisfied: pandas>=2.2 in /home/julavoie/.local/lib/python3.11/site-packages (from xclim==0.51.1.dev3) (2.2.1+computecanada)
Requirement already satisfied: pint<0.24,>=0.10 in /home/julavoie/.local/lib/python3.11/site-packages (from xclim==0.51.1.dev3) (0.23+computecanada)
Requirement already satisfied: platformdirs>=3.2 in /home/julavoie/.local/lib/python3.11/site-packages (from xclim==0.51.1.dev3) (4.2.2+computecanada)
Requirement already satisfied: pyarrow in /cvmfs/soft.computecanada.ca/easybuild/software/2023/x86-64-v3/Compiler/gcccore/arrow/16.1.0/lib/python3.11/site-packages (from xclim==0.51.1.dev3) (16.1.0)
Requirement already satisfied: pyyaml in /home/julavoie/.local/lib/python3.11/site-packages (from xclim==0.51.1.dev3) (6.0.1+computecanada)
Requirement already satisfied: scikit-learn>=0.21.3 in /home/julavoie/.local/lib/python3.11/site-packages (from xclim==0.51.1.dev3) (1.4.2+computecanada)
Requirement already satisfied: scipy>=1.9.0 in /cvmfs/soft.computecanada.ca/easybuild/software/2023/x86-64-v3/Compiler/gcccore/scipy-stack/2023b/lib/python3.11/site-packages (from xclim==0.51.1.dev3) (1.11.2+computecanada)
Requirement already satisfied: statsmodels in /home/julavoie/.local/lib/python3.11/site-packages (from xclim==0.51.1.dev3) (0.14.0+computecanada)
Requirement already satisfied: xarray>=2023.11.0 in /home/julavoie/.local/lib/python3.11/site-packages (from xclim==0.51.1.dev3) (2024.5.0+computecanada)
Requirement already satisfied: yamale in /home/julavoie/.local/lib/python3.11/site-packages (from xclim==0.51.1.dev3) (5.2.1+computecanada)
Requirement already satisfied: cloudpickle>=1.5.0 in /home/julavoie/.local/lib/python3.11/site-packages (from dask>=2.6->dask[array]>=2.6->xclim==0.51.1.dev3) (3.0.0+computecanada)
Requirement already satisfied: fsspec>=2021.09.0 in /home/julavoie/.local/lib/python3.11/site-packages (from dask>=2.6->dask[array]>=2.6->xclim==0.51.1.dev3) (2024.6.0+computecanada)
Requirement already satisfied: packaging>=20.0 in /cvmfs/soft.computecanada.ca/easybuild/software/2023/x86-64-v3/Compiler/gcccore/ipykernel/2023b/lib/python3.11/site-packages (from dask>=2.6->dask[array]>=2.6->xclim==0.51.1.dev3) (23.1+computecanada)
Requirement already satisfied: partd>=1.2.0 in /home/julavoie/.local/lib/python3.11/site-packages (from dask>=2.6->dask[array]>=2.6->xclim==0.51.1.dev3) (1.4.2+computecanada)
Requirement already satisfied: toolz>=0.10.0 in /home/julavoie/.local/lib/python3.11/site-packages (from dask>=2.6->dask[array]>=2.6->xclim==0.51.1.dev3) (0.12.1+computecanada)
Requirement already satisfied: importlib-metadata>=4.13.0 in /home/julavoie/.local/lib/python3.11/site-packages (from dask>=2.6->dask[array]>=2.6->xclim==0.51.1.dev3) (7.0.1+computecanada)
Requirement already satisfied: python-dateutil>=2.8.2 in /cvmfs/soft.computecanada.ca/easybuild/software/2023/x86-64-v3/Compiler/gcccore/ipykernel/2023b/lib/python3.11/site-packages (from pandas>=2.2->xclim==0.51.1.dev3) (2.8.2+computecanada)
Requirement already satisfied: pytz>=2020.1 in /cvmfs/soft.computecanada.ca/easybuild/software/2023/x86-64-v3/Compiler/gcccore/scipy-stack/2023b/lib/python3.11/site-packages (from pandas>=2.2->xclim==0.51.1.dev3) (2023.3+computecanada)
Requirement already satisfied: tzdata>=2022.7 in /cvmfs/soft.computecanada.ca/easybuild/software/2023/x86-64-v3/Compiler/gcccore/scipy-stack/2023b/lib/python3.11/site-packages (from pandas>=2.2->xclim==0.51.1.dev3) (2023.3+computecanada)
Requirement already satisfied: typing-extensions in /cvmfs/soft.computecanada.ca/easybuild/software/2023/x86-64-v3/Compiler/gcccore/scipy-stack/2023b/lib/python3.11/site-packages (from pint<0.24,>=0.10->xclim==0.51.1.dev3) (4.7.1+computecanada)
Requirement already satisfied: joblib>=1.2.0 in /home/julavoie/.local/lib/python3.11/site-packages (from scikit-learn>=0.21.3->xclim==0.51.1.dev3) (1.4.2+computecanada)
Requirement already satisfied: threadpoolctl>=2.0.0 in /home/julavoie/.local/lib/python3.11/site-packages (from scikit-learn>=0.21.3->xclim==0.51.1.dev3) (3.5.0+computecanada)
Requirement already satisfied: llvmlite<0.42,>=0.41.0dev0 in /home/julavoie/.local/lib/python3.11/site-packages (from numba->xclim==0.51.1.dev3) (0.41.1+computecanada)
Requirement already satisfied: patsy>=0.5.2 in /home/julavoie/.local/lib/python3.11/site-packages (from statsmodels->xclim==0.51.1.dev3) (0.5.6+computecanada)
Requirement already satisfied: zipp>=0.5 in /home/julavoie/.local/lib/python3.11/site-packages (from importlib-metadata>=4.13.0->dask>=2.6->dask[array]>=2.6->xclim==0.51.1.dev3) (3.17.0+computecanada)
Requirement already satisfied: locket in /home/julavoie/.local/lib/python3.11/site-packages (from partd>=1.2.0->dask>=2.6->dask[array]>=2.6->xclim==0.51.1.dev3) (1.0.0+computecanada)
Requirement already satisfied: six in /cvmfs/soft.computecanada.ca/easybuild/software/2023/x86-64-v3/Compiler/gcccore/ipykernel/2023b/lib/python3.11/site-packages (from patsy>=0.5.2->statsmodels->xclim==0.51.1.dev3) (1.16.0+computecanada)
Installing collected packages: xclim
Successfully installed xclim-0.51.1.dev3
/localscratch/julavoie.32069408.0
2024-07-26 09:30:43 INFO     xscen.catalog   An entry exists for: {'domain': 'QC-test', 'source': 'EMDNA'}
2024-07-26 09:30:43 INFO     xscen.catalog   An entry exists for: {'domain': 'QC-test', 'calendar': 'noleap', 'source': 'EMDNA'}
2024-07-26 09:30:43 INFO     xscen.catalog   An entry exists for: {'domain': 'QC-test', 'calendar': '360_day', 'source': 'EMDNA'}
2024-07-26 09:30:43 INFO     xscen.catalog   An entry exists for: {'domain': 'QC-test', 'processing_level': 'diag-ref-prop', 'source': 'EMDNA'}
{'data_catalogs': ['/project/ctb-frigon/julavoie/ouranos_commun/catalogues/simulation.json'], 'variables_and_freqs': {'tasmax': 'D', 'tasmin': 'D', 'pr': 'D', 'dtr': 'D'}, 'match_hist_and_fut': True, 'allow_conversion': True, 'allow_resampling': False, 'periods': ['1951', '2100'], 'exclusions': {'id': ['CMIP6_ScenarioMIP_EC-Earth-Consortium_EC-Earth3_ssp126_r2i1p1f1_global', 'CMIP6_ScenarioMIP_EC-Earth-Consortium_EC-Earth3_ssp245_r2i1p1f1_global', 'CMIP6_ScenarioMIP_EC-Earth-Consortium_EC-Earth3_ssp370_r2i1p1f1_global', 'CMIP6_ScenarioMIP_EC-Earth-Consortium_EC-Earth3_ssp585_r2i1p1f1_global', 'CMIP6_ScenarioMIP_EC-Earth-Consortium_EC-Earth3_ssp126_r3i1p1f1_global', 'CMIP6_ScenarioMIP_EC-Earth-Consortium_EC-Earth3_ssp245_r3i1p1f1_global', 'CMIP6_ScenarioMIP_EC-Earth-Consortium_EC-Earth3_ssp370_r3i1p1f1_global', 'CMIP6_ScenarioMIP_EC-Earth-Consortium_EC-Earth3_ssp585_r3i1p1f1_global', 'CMIP6_ScenarioMIP_CAS_FGOALS-g3_ssp126_r2i1p1f1_global', 'CMIP6_ScenarioMIP_CAS_FGOALS-g3_ssp245_r2i1p1f1_global', 'CMIP6_ScenarioMIP_CAS_FGOALS-g3_ssp370_r2i1p1f1_global', 'CMIP6_ScenarioMIP_CAS_FGOALS-g3_ssp585_r2i1p1f1_global']}, 'other_search_criteria': {'processing_level': 'raw', 'experiment': ['ssp585', 'ssp245', 'ssp370', 'ssp126'], 'source': 'MIROC6', 'mip_era': 'CMIP6'}}
2024-07-26 09:30:44 INFO     xscen.extract   Catalog opened: <simulation catalog with 237 dataset(s) from 19945 asset(s)> from 1 files.
2024-07-26 09:30:44 INFO     xscen.extract   Dispatching historical dataset to future experiments.
2024-07-26 09:30:44 INFO     xscen.extract   Removing 480 assets based on exclusion dict 'id': ['CMIP6_ScenarioMIP_EC-Earth-Consortium_EC-Earth3_ssp126_r2i1p1f1_global', 'CMIP6_ScenarioMIP_EC-Earth-Consortium_EC-Earth3_ssp245_r2i1p1f1_global', 'CMIP6_ScenarioMIP_EC-Earth-Consortium_EC-Earth3_ssp370_r2i1p1f1_global', 'CMIP6_ScenarioMIP_EC-Earth-Consortium_EC-Earth3_ssp585_r2i1p1f1_global', 'CMIP6_ScenarioMIP_EC-Earth-Consortium_EC-Earth3_ssp126_r3i1p1f1_global', 'CMIP6_ScenarioMIP_EC-Earth-Consortium_EC-Earth3_ssp245_r3i1p1f1_global', 'CMIP6_ScenarioMIP_EC-Earth-Consortium_EC-Earth3_ssp370_r3i1p1f1_global', 'CMIP6_ScenarioMIP_EC-Earth-Consortium_EC-Earth3_ssp585_r3i1p1f1_global', 'CMIP6_ScenarioMIP_CAS_FGOALS-g3_ssp126_r2i1p1f1_global', 'CMIP6_ScenarioMIP_CAS_FGOALS-g3_ssp245_r2i1p1f1_global', 'CMIP6_ScenarioMIP_CAS_FGOALS-g3_ssp370_r2i1p1f1_global', 'CMIP6_ScenarioMIP_CAS_FGOALS-g3_ssp585_r2i1p1f1_global'].
/home/julavoie/.local/lib/python3.11/site-packages/xclim/core/indicator.py:255: UserWarning: Class conversions.WIND_SPEED_FROM_VECTOR already exists and will be overwritten.
/home/julavoie/.local/lib/python3.11/site-packages/xclim/core/indicator.py:255: UserWarning: Class conversions.WIND_VECTOR_FROM_SPEED already exists and will be overwritten.
/home/julavoie/.local/lib/python3.11/site-packages/xclim/core/indicator.py:255: UserWarning: Class conversions.TAS_MIDPOINT already exists and will be overwritten.
/home/julavoie/.local/lib/python3.11/site-packages/xclim/core/indicator.py:255: UserWarning: Class conversions.RELATIVE_HUMIDITY_FROM_DEWPOINT already exists and will be overwritten.
/home/julavoie/.local/lib/python3.11/site-packages/xclim/core/indicator.py:255: UserWarning: Class conversions.SPECIFIC_HUMIDITY already exists and will be overwritten.
/home/julavoie/.local/lib/python3.11/site-packages/xclim/core/indicator.py:255: UserWarning: Class conversions.SNOWFALL_APPROXIMATION already exists and will be overwritten.
/home/julavoie/.local/lib/python3.11/site-packages/xclim/core/indicator.py:255: UserWarning: Class conversions.RAIN_APPROXIMATION already exists and will be overwritten.
/home/julavoie/.local/lib/python3.11/site-packages/xclim/core/indicator.py:255: UserWarning: Class conversions.PRECIPITATION already exists and will be overwritten.
/home/julavoie/.local/lib/python3.11/site-packages/xclim/core/indicator.py:255: UserWarning: Class conversions.POTENTIAL_EVAPOTRANSPIRATION already exists and will be overwritten.
/home/julavoie/.local/lib/python3.11/site-packages/xclim/core/indicator.py:255: UserWarning: Class conversions.DTR already exists and will be overwritten.
/home/julavoie/.local/lib/python3.11/site-packages/xclim/core/indicator.py:255: UserWarning: Class conversions.TASMIN_FROM_DTR already exists and will be overwritten.
/home/julavoie/.local/lib/python3.11/site-packages/xclim/core/indicator.py:255: UserWarning: Class conversions.TASMAX_FROM_DTR already exists and will be overwritten.
2024-07-26 09:30:44 INFO     xscen.extract   2304 assets matched the criteria : {'processing_level': 'raw', 'experiment': ['ssp585', 'ssp245', 'ssp370', 'ssp126'], 'source': 'MIROC6', 'mip_era': 'CMIP6'}.
2024-07-26 09:30:44 INFO     xscen.extract   Iterating over 12 potential datasets.
2024-07-26 09:30:46 INFO     xscen.extract   Found 12 with all variables requested and corresponding to the criteria.
2024-07-26 09:30:46 INFO     xscen           Adding config to log file
2024-07-26 09:30:46 INFO     xscen           {'region_name': 'QC-test', 'sim_id': 'CMIP6_ScenarioMIP_MIROC_MIROC6_ssp370_r1i1p1f1_global'}
2024-07-26 09:30:46 INFO     xscen.catalog   An entry exists for: {'id': 'CMIP6_ScenarioMIP_MIROC_MIROC6_ssp370_r1i1p1f1_global', 'domain': 'QC-test', 'processing_level': 'extracted'}
2024-07-26 09:30:46 INFO     xscen.catalog   An entry exists for: {'id': 'CMIP6_ScenarioMIP_MIROC_MIROC6_ssp370_r1i1p1f1_global', 'domain': 'QC-test', 'processing_level': 'regridded'}
/home/julavoie/.local/lib/python3.11/site-packages/xclim/core/calendar.py:92: FutureWarning: `xclim` function convert_calendar is deprecated in favour of xarray.coding.calendar_ops.convert_calendar or obj.convert_calendar and will be removed in v0.51.0. Please adjust your script.
2024-07-26 09:30:49 INFO     xscen.catalog   An entry exists for: {'processing_level': 'training_mbcn', 'domain': 'QC-test', 'id': 'CMIP6_ScenarioMIP_MIROC_MIROC6_ssp370_r1i1p1f1_global'}
2024-07-26 09:30:49 INFO     xscen           Started process adjust mbcn.
/home/julavoie/.local/lib/python3.11/site-packages/distributed/client.py:3161: UserWarning: Sending large graph of size 120.95 MiB.
This may cause some slowdown.
Consider scattering data ahead of time and using futures.
2024-07-26 09:58:40 INFO     xscen           saved
2024-07-26 09:58:46 INFO     xscen           moved
2024-07-26 09:58:46 INFO     xscen.catalog   File format not specified. Adding it as 'zarr' based on file name.
2024-07-26 09:58:46 INFO     xscen           updated
2024-07-26 09:58:46 INFO     xscen           Process adjust mbcn done in 1677.40 s
2024-07-26 09:58:46 INFO     xscen           Started process cleanup.
2024-07-26 09:58:46 INFO     xscen.extract   Catalog opened: <info-crue-6 catalog with 13 dataset(s) from 17 asset(s)> from 1 files.
/home/julavoie/.local/lib/python3.11/site-packages/xclim/core/indicator.py:255: UserWarning: Class conversions.WIND_SPEED_FROM_VECTOR already exists and will be overwritten.
/home/julavoie/.local/lib/python3.11/site-packages/xclim/core/indicator.py:255: UserWarning: Class conversions.WIND_VECTOR_FROM_SPEED already exists and will be overwritten.
/home/julavoie/.local/lib/python3.11/site-packages/xclim/core/indicator.py:255: UserWarning: Class conversions.TAS_MIDPOINT already exists and will be overwritten.
/home/julavoie/.local/lib/python3.11/site-packages/xclim/core/indicator.py:255: UserWarning: Class conversions.RELATIVE_HUMIDITY_FROM_DEWPOINT already exists and will be overwritten.
/home/julavoie/.local/lib/python3.11/site-packages/xclim/core/indicator.py:255: UserWarning: Class conversions.SPECIFIC_HUMIDITY already exists and will be overwritten.
/home/julavoie/.local/lib/python3.11/site-packages/xclim/core/indicator.py:255: UserWarning: Class conversions.SNOWFALL_APPROXIMATION already exists and will be overwritten.
/home/julavoie/.local/lib/python3.11/site-packages/xclim/core/indicator.py:255: UserWarning: Class conversions.RAIN_APPROXIMATION already exists and will be overwritten.
/home/julavoie/.local/lib/python3.11/site-packages/xclim/core/indicator.py:255: UserWarning: Class conversions.PRECIPITATION already exists and will be overwritten.
/home/julavoie/.local/lib/python3.11/site-packages/xclim/core/indicator.py:255: UserWarning: Class conversions.POTENTIAL_EVAPOTRANSPIRATION already exists and will be overwritten.
/home/julavoie/.local/lib/python3.11/site-packages/xclim/core/indicator.py:255: UserWarning: Class conversions.DTR already exists and will be overwritten.
/home/julavoie/.local/lib/python3.11/site-packages/xclim/core/indicator.py:255: UserWarning: Class conversions.TASMIN_FROM_DTR already exists and will be overwritten.
/home/julavoie/.local/lib/python3.11/site-packages/xclim/core/indicator.py:255: UserWarning: Class conversions.TASMAX_FROM_DTR already exists and will be overwritten.
2024-07-26 09:58:46 INFO     xscen.extract   1 assets matched the criteria : {'id': ['CMIP6_ScenarioMIP_MIROC_MIROC6_ssp370_r1i1p1f1_global'], 'processing_level': ['biasadjusted'], 'domain': 'QC-test'}.
2024-07-26 09:58:46 INFO     xscen.extract   Iterating over 1 potential datasets.
2024-07-26 09:58:46 INFO     xscen.extract   Found 1 with all variables requested and corresponding to the criteria.
2024-07-26 09:58:48 INFO     xscen.utils     Converting units: {'tasmax': 'degC', 'tasmin': 'degC', 'pr': 'mm d-1'}
2024-07-26 09:58:48 INFO     xscen.utils     Converting calendar with {'target': 'standard', 'align_on': 'random', 'missing': -9999} 
/home/julavoie/.local/lib/python3.11/site-packages/xclim/core/calendar.py:92: FutureWarning: `xclim` function convert_calendar is deprecated in favour of xarray.coding.calendar_ops.convert_calendar or obj.convert_calendar and will be removed in v0.51.0. Please adjust your script.
2024-07-26 09:58:49 INFO     xscen.utils     Dataset unstacked using /project/ctb-frigon/julavoie/info-crue-cmip6/coords/coords_QC-test_20x20.nc.
/home/julavoie/.local/lib/python3.11/site-packages/xscen/utils.py:451: FutureWarning: the `pandas.MultiIndex` object(s) passed as 'loc' coordinate(s) or data variable(s) will no longer be implicitly promoted and wrapped into multiple indexed coordinates in the future (i.e., one coordinate for each multi-index level + one dimension coordinate). If you want to keep this behavior, you need to first wrap it explicitly using `mindex_coords = xarray.Coordinates.from_pandas_multiindex(mindex_obj, 'dim')` and pass it as coordinates, e.g., `xarray.Dataset(coords=mindex_coords)`, `dataset.assign_coords(mindex_coords)` or `dataarray.assign_coords(mindex_coords)`.
2024-07-26 09:58:51 INFO     xscen.catalog   File format not specified. Adding it as 'zarr' based on file name.
2024-07-26 09:58:51 INFO     xscen.scripting File /scratch/julavoie/info-crue-cmip6_workdir/CMIP6_ScenarioMIP_MIROC_MIROC6_ssp370_r1i1p1f1_global_QC-test/CMIP6_ScenarioMIP_MIROC_MIROC6_ssp370_r1i1p1f1_global_QC-test_cleaned_up.zarr has saved succesfully and the catalog was updated.
2024-07-26 09:58:51 INFO     xscen           Process cleanup done in 5.50 s
2024-07-26 09:58:51 INFO     xscen           Started process final zarr rechunk.
2024-07-26 09:58:51 INFO     xscen           Process final zarr rechunk done in 0.00 s
Traceback (most recent call last):
  File "/home/julavoie/code/test-vs/info-crue-cmip6/workflow.py", line 530, in <module>
    fi_path = Path(f"{CONFIG['paths']['output']}".format(**cur_dict))
                   ^^^^^^^^^^^^^^^^^^^^^^^^^^^^^^^^^^^^^^^^^^^^^^^^^
KeyError: 'id'
